<?xml version="1.0" encoding="UTF-8"?>
<testng-results ignored="0" total="2" passed="2" failed="0" skipped="0">
  <reporter-output>
  </reporter-output>
  <suite started-at="2024-02-26T09:57:59 IST" name="Default suite" finished-at="2024-02-26T09:58:57 IST" duration-ms="57975">
    <groups>
    </groups>
    <test started-at="2024-02-26T09:57:59 IST" name="Default test" finished-at="2024-02-26T09:58:57 IST" duration-ms="57975">
      <class name="com.tests.ReferalPaymnt_Add">
        <test-method is-config="true" signature="intialize()[pri:0, instance:com.tests.ReferalPaymnt_Add@49e53c76]" started-at="2024-02-26T09:58:00 IST" name="intialize" finished-at="2024-02-26T09:58:06 IST" duration-ms="6241" status="PASS">
          <reporter-output>
          </reporter-output>
        </test-method> <!-- intialize -->
        <test-method signature="reffeal_module(java.lang.String,java.lang.String,java.lang.String,java.lang.String,java.lang.String)[pri:0, instance:com.tests.ReferalPaymnt_Add@49e53c76]" started-at="2024-02-26T09:58:06 IST" name="reffeal_module" data-provider="exl" finished-at="2024-02-26T09:58:29 IST" duration-ms="23096" status="PASS">
          <params>
            <param index="0">
              <value>
                <![CDATA[roshan]]>
              </value>
            </param>
            <param index="1">
              <value>
                <![CDATA[Roshan (392)]]>
              </value>
            </param>
            <param index="2">
              <value>
                <![CDATA[Pathology]]>
              </value>
            </param>
            <param index="3">
              <value>
                <![CDATA[PATB69]]>
              </value>
            </param>
            <param index="4">
              <value>
                <![CDATA[rajini reddy]]>
              </value>
            </param>
          </params>
          <reporter-output>
          </reporter-output>
        </test-method> <!-- reffeal_module -->
        <test-method is-config="true" signature="intialize()[pri:0, instance:com.tests.ReferalPaymnt_Add@49e53c76]" started-at="2024-02-26T09:58:29 IST" name="intialize" finished-at="2024-02-26T09:58:34 IST" duration-ms="4808" status="PASS">
          <reporter-output>
          </reporter-output>
        </test-method> <!-- intialize -->
        <test-method signature="reffeal_module(java.lang.String,java.lang.String,java.lang.String,java.lang.String,java.lang.String)[pri:0, instance:com.tests.ReferalPaymnt_Add@49e53c76]" started-at="2024-02-26T09:58:34 IST" name="reffeal_module" data-provider="exl" finished-at="2024-02-26T09:58:57 IST" duration-ms="22906" status="PASS">
          <params>
            <param index="0">
              <value>
                <![CDATA[jyothsna]]>
              </value>
            </param>
            <param index="1">
              <value>
                <![CDATA[Jyothsna (MT-01623) (405)]]>
              </value>
            </param>
            <param index="2">
              <value>
                <![CDATA[Radiology]]>
              </value>
            </param>
            <param index="3">
              <value>
                <![CDATA[RADB40]]>
              </value>
            </param>
            <param index="4">
              <value>
                <![CDATA[gopi]]>
              </value>
            </param>
          </params>
          <reporter-output>
          </reporter-output>
        </test-method> <!-- reffeal_module -->
      </class> <!-- com.tests.ReferalPaymnt_Add -->
    </test> <!-- Default test -->
  </suite> <!-- Default suite -->
</testng-results>
